  [1m[35m (7.8ms)[0m  [1m[34mSELECT pg_try_advisory_lock(4646473871855425155)[0m
  ↳ bin/rails:9
  [1m[35m (7.9ms)[0m  [1m[34mSELECT "schema_migrations"."version" FROM "schema_migrations" ORDER BY "schema_migrations"."version" ASC[0m
  ↳ bin/rails:9
Migrating to CreateUsers (20190402173529)
  [1m[35m (0.6ms)[0m  [1m[35mBEGIN[0m
  ↳ bin/rails:9
  [1m[35m (42.6ms)[0m  [1m[35mCREATE TABLE "users" ("id" bigserial primary key, "username" character varying, "password_digest" character varying, "profile_id" character varying, "created_at" timestamp NOT NULL, "updated_at" timestamp NOT NULL)[0m
  ↳ db/migrate/20190402173529_create_users.rb:3
  [1m[35m (0.2ms)[0m  [1m[31mROLLBACK[0m
  ↳ bin/rails:9
  [1m[35m (0.3ms)[0m  [1m[34mSELECT pg_advisory_unlock(4646473871855425155)[0m
  ↳ bin/rails:9
  [1m[35m (1.0ms)[0m  [1m[34mSELECT "schema_migrations"."version" FROM "schema_migrations" ORDER BY "schema_migrations"."version" ASC[0m
  ↳ bin/rails:9
  [1m[35m (3.1ms)[0m  [1m[34mSELECT "ar_internal_metadata"."value" FROM "ar_internal_metadata" WHERE "ar_internal_metadata"."key" = $1[0m  [["key", "environment"]]
  ↳ bin/rails:9
  [1m[35m (0.3ms)[0m  [1m[34mSELECT "schema_migrations"."version" FROM "schema_migrations" ORDER BY "schema_migrations"."version" ASC[0m
  ↳ bin/rails:9
  [1m[35m (0.3ms)[0m  [1m[34mSELECT "ar_internal_metadata"."value" FROM "ar_internal_metadata" WHERE "ar_internal_metadata"."key" = $1[0m  [["key", "environment"]]
  ↳ bin/rails:9
  [1m[35m (0.6ms)[0m  [1m[34mSELECT "schema_migrations"."version" FROM "schema_migrations" ORDER BY "schema_migrations"."version" ASC[0m
  ↳ bin/rails:9
  [1m[35m (0.3ms)[0m  [1m[34mSELECT "ar_internal_metadata"."value" FROM "ar_internal_metadata" WHERE "ar_internal_metadata"."key" = $1[0m  [["key", "environment"]]
  ↳ bin/rails:9
  [1m[35m (199.4ms)[0m  [1m[35mDROP DATABASE IF EXISTS "gotf_development"[0m
  ↳ bin/rails:9
  [1m[35m (188.5ms)[0m  [1m[35mDROP DATABASE IF EXISTS "gotf_test"[0m
  ↳ bin/rails:9
  [1m[35m (482.5ms)[0m  [1m[35mCREATE DATABASE "gotf_development" ENCODING = 'unicode'[0m
  ↳ bin/rails:9
  [1m[35m (395.0ms)[0m  [1m[35mCREATE DATABASE "gotf_test" ENCODING = 'unicode'[0m
  ↳ bin/rails:9
  [1m[35m (23.1ms)[0m  [1m[35mCREATE TABLE "schema_migrations" ("version" character varying NOT NULL PRIMARY KEY)[0m
  ↳ bin/rails:9
  [1m[35m (8.3ms)[0m  [1m[35mCREATE TABLE "ar_internal_metadata" ("key" character varying NOT NULL PRIMARY KEY, "value" character varying, "created_at" timestamp NOT NULL, "updated_at" timestamp NOT NULL)[0m
  ↳ bin/rails:9
  [1m[35m (0.6ms)[0m  [1m[34mSELECT pg_try_advisory_lock(4646473871855425155)[0m
  ↳ bin/rails:9
  [1m[35m (0.7ms)[0m  [1m[34mSELECT "schema_migrations"."version" FROM "schema_migrations" ORDER BY "schema_migrations"."version" ASC[0m
  ↳ bin/rails:9
Migrating to CreateUsers (20190402173529)
  [1m[35m (0.2ms)[0m  [1m[35mBEGIN[0m
  ↳ bin/rails:9
  [1m[35m (12.6ms)[0m  [1m[35mCREATE TABLE "users" ("id" bigserial primary key, "username" character varying, "password_digest" character varying, "profile_id" character varying, "created_at" timestamp NOT NULL, "updated_at" timestamp NOT NULL)[0m
  ↳ db/migrate/20190402173529_create_users.rb:3
  [1m[36mActiveRecord::SchemaMigration Create (5.9ms)[0m  [1m[32mINSERT INTO "schema_migrations" ("version") VALUES ($1) RETURNING "version"[0m  [["version", "20190402173529"]]
  ↳ bin/rails:9
  [1m[35m (1.4ms)[0m  [1m[35mCOMMIT[0m
  ↳ bin/rails:9
Migrating to CreateProfiles (20190402173539)
  [1m[35m (0.3ms)[0m  [1m[35mBEGIN[0m
  ↳ bin/rails:9
  [1m[35m (8.8ms)[0m  [1m[35mCREATE TABLE "profiles" ("id" bigserial primary key, "display_name" character varying, "display_pic" character varying, "created_at" timestamp NOT NULL, "updated_at" timestamp NOT NULL)[0m
  ↳ db/migrate/20190402173539_create_profiles.rb:3
  [1m[36mActiveRecord::SchemaMigration Create (0.8ms)[0m  [1m[32mINSERT INTO "schema_migrations" ("version") VALUES ($1) RETURNING "version"[0m  [["version", "20190402173539"]]
  ↳ bin/rails:9
  [1m[35m (1.5ms)[0m  [1m[35mCOMMIT[0m
  ↳ bin/rails:9
Migrating to CreatePosts (20190402173549)
  [1m[35m (0.4ms)[0m  [1m[35mBEGIN[0m
  ↳ bin/rails:9
  [1m[35m (8.7ms)[0m  [1m[35mCREATE TABLE "posts" ("id" bigserial primary key, "title" character varying, "message" character varying, "pinned" boolean DEFAULT FALSE, "created_at" timestamp NOT NULL, "updated_at" timestamp NOT NULL)[0m
  ↳ db/migrate/20190402173549_create_posts.rb:3
  [1m[36mActiveRecord::SchemaMigration Create (0.5ms)[0m  [1m[32mINSERT INTO "schema_migrations" ("version") VALUES ($1) RETURNING "version"[0m  [["version", "20190402173549"]]
  ↳ bin/rails:9
  [1m[35m (1.2ms)[0m  [1m[35mCOMMIT[0m
  ↳ bin/rails:9
Migrating to CreateComments (20190402173600)
  [1m[35m (0.4ms)[0m  [1m[35mBEGIN[0m
  ↳ bin/rails:9
  [1m[35m (5.2ms)[0m  [1m[35mCREATE TABLE "comments" ("id" bigserial primary key, "post_id" integer, "profile_id" integer, "created_at" timestamp NOT NULL, "updated_at" timestamp NOT NULL)[0m
  ↳ db/migrate/20190402173600_create_comments.rb:3
  [1m[36mActiveRecord::SchemaMigration Create (0.7ms)[0m  [1m[32mINSERT INTO "schema_migrations" ("version") VALUES ($1) RETURNING "version"[0m  [["version", "20190402173600"]]
  ↳ bin/rails:9
  [1m[35m (1.3ms)[0m  [1m[35mCOMMIT[0m
  ↳ bin/rails:9
Migrating to CreateCategories (20190403133326)
  [1m[35m (0.5ms)[0m  [1m[35mBEGIN[0m
  ↳ bin/rails:9
  [1m[35m (8.2ms)[0m  [1m[35mCREATE TABLE "categories" ("id" bigserial primary key, "title" character varying, "created_at" timestamp NOT NULL, "updated_at" timestamp NOT NULL)[0m
  ↳ db/migrate/20190403133326_create_categories.rb:3
  [1m[36mActiveRecord::SchemaMigration Create (0.4ms)[0m  [1m[32mINSERT INTO "schema_migrations" ("version") VALUES ($1) RETURNING "version"[0m  [["version", "20190403133326"]]
  ↳ bin/rails:9
  [1m[35m (1.3ms)[0m  [1m[35mCOMMIT[0m
  ↳ bin/rails:9
  [1m[36mActiveRecord::InternalMetadata Load (1.6ms)[0m  [1m[34mSELECT  "ar_internal_metadata".* FROM "ar_internal_metadata" WHERE "ar_internal_metadata"."key" = $1 LIMIT $2[0m  [["key", "environment"], ["LIMIT", 1]]
  ↳ bin/rails:9
  [1m[35m (0.3ms)[0m  [1m[35mBEGIN[0m
  ↳ bin/rails:9
  [1m[36mActiveRecord::InternalMetadata Create (1.9ms)[0m  [1m[32mINSERT INTO "ar_internal_metadata" ("key", "value", "created_at", "updated_at") VALUES ($1, $2, $3, $4) RETURNING "key"[0m  [["key", "environment"], ["value", "development"], ["created_at", "2019-04-03 14:14:36.590345"], ["updated_at", "2019-04-03 14:14:36.590345"]]
  ↳ bin/rails:9
  [1m[35m (1.3ms)[0m  [1m[35mCOMMIT[0m
  ↳ bin/rails:9
  [1m[35m (0.3ms)[0m  [1m[34mSELECT pg_advisory_unlock(4646473871855425155)[0m
  ↳ bin/rails:9
  [1m[35m (0.6ms)[0m  [1m[34mSELECT "schema_migrations"."version" FROM "schema_migrations" ORDER BY "schema_migrations"."version" ASC[0m
  ↳ bin/rails:9
  [1m[35m (0.6ms)[0m  [1m[34mSELECT "schema_migrations"."version" FROM "schema_migrations" ORDER BY "schema_migrations"."version" ASC[0m
  ↳ bin/rails:9
  [1m[35m (0.3ms)[0m  [1m[35mBEGIN[0m
  ↳ db/seeds.rb:9
  [1m[36mCategory Create (1.4ms)[0m  [1m[32mINSERT INTO "categories" ("title", "created_at", "updated_at") VALUES ($1, $2, $3) RETURNING "id"[0m  [["title", "General Discussion"], ["created_at", "2019-04-03 14:14:36.765438"], ["updated_at", "2019-04-03 14:14:36.765438"]]
  ↳ db/seeds.rb:9
  [1m[35m (1.4ms)[0m  [1m[35mCOMMIT[0m
  ↳ db/seeds.rb:9
  [1m[35m (0.2ms)[0m  [1m[35mBEGIN[0m
  ↳ db/seeds.rb:10
  [1m[36mCategory Create (0.7ms)[0m  [1m[32mINSERT INTO "categories" ("title", "created_at", "updated_at") VALUES ($1, $2, $3) RETURNING "id"[0m  [["title", "Stark"], ["created_at", "2019-04-03 14:14:36.771844"], ["updated_at", "2019-04-03 14:14:36.771844"]]
  ↳ db/seeds.rb:10
  [1m[35m (1.1ms)[0m  [1m[35mCOMMIT[0m
  ↳ db/seeds.rb:10
  [1m[35m (0.2ms)[0m  [1m[35mBEGIN[0m
  ↳ db/seeds.rb:11
  [1m[36mCategory Create (0.7ms)[0m  [1m[32mINSERT INTO "categories" ("title", "created_at", "updated_at") VALUES ($1, $2, $3) RETURNING "id"[0m  [["title", "Baratheon"], ["created_at", "2019-04-03 14:14:36.776820"], ["updated_at", "2019-04-03 14:14:36.776820"]]
  ↳ db/seeds.rb:11
  [1m[35m (1.3ms)[0m  [1m[35mCOMMIT[0m
  ↳ db/seeds.rb:11
  [1m[35m (0.3ms)[0m  [1m[35mBEGIN[0m
  ↳ db/seeds.rb:12
  [1m[36mCategory Create (0.6ms)[0m  [1m[32mINSERT INTO "categories" ("title", "created_at", "updated_at") VALUES ($1, $2, $3) RETURNING "id"[0m  [["title", "Targaryen"], ["created_at", "2019-04-03 14:14:36.781562"], ["updated_at", "2019-04-03 14:14:36.781562"]]
  ↳ db/seeds.rb:12
  [1m[35m (1.3ms)[0m  [1m[35mCOMMIT[0m
  ↳ db/seeds.rb:12
  [1m[35m (0.3ms)[0m  [1m[35mBEGIN[0m
  ↳ db/seeds.rb:13
  [1m[36mCategory Create (0.6ms)[0m  [1m[32mINSERT INTO "categories" ("title", "created_at", "updated_at") VALUES ($1, $2, $3) RETURNING "id"[0m  [["title", "Lannister"], ["created_at", "2019-04-03 14:14:36.786323"], ["updated_at", "2019-04-03 14:14:36.786323"]]
  ↳ db/seeds.rb:13
  [1m[35m (1.2ms)[0m  [1m[35mCOMMIT[0m
  ↳ db/seeds.rb:13
  [1m[35m (0.2ms)[0m  [1m[35mBEGIN[0m
  ↳ db/seeds.rb:14
  [1m[36mCategory Create (0.5ms)[0m  [1m[32mINSERT INTO "categories" ("title", "created_at", "updated_at") VALUES ($1, $2, $3) RETURNING "id"[0m  [["title", "Other Houses"], ["created_at", "2019-04-03 14:14:36.790378"], ["updated_at", "2019-04-03 14:14:36.790378"]]
  ↳ db/seeds.rb:14
  [1m[35m (1.5ms)[0m  [1m[35mCOMMIT[0m
  ↳ db/seeds.rb:14
  [1m[35m (0.2ms)[0m  [1m[35mBEGIN[0m
  ↳ db/seeds.rb:15
  [1m[36mCategory Create (0.7ms)[0m  [1m[32mINSERT INTO "categories" ("title", "created_at", "updated_at") VALUES ($1, $2, $3) RETURNING "id"[0m  [["title", "Off-Topic Discussion"], ["created_at", "2019-04-03 14:14:36.794957"], ["updated_at", "2019-04-03 14:14:36.794957"]]
  ↳ db/seeds.rb:15
  [1m[35m (1.4ms)[0m  [1m[35mCOMMIT[0m
  ↳ db/seeds.rb:15
  [1m[36mCategory Load (2.1ms)[0m  [1m[34mSELECT  "categories".* FROM "categories" LIMIT $1[0m  [["LIMIT", 11]]
Started GET "/" for ::1 at 2019-04-03 10:33:46 -0400
  [1m[35m (4.7ms)[0m  [1m[34mSELECT "schema_migrations"."version" FROM "schema_migrations" ORDER BY "schema_migrations"."version" ASC[0m
  ↳ /Users/flatironschool/.rvm/gems/ruby-2.3.3/gems/activerecord-5.2.3/lib/active_record/log_subscriber.rb:98
Processing by Rails::WelcomeController#index as HTML
  Rendering /Users/flatironschool/.rvm/gems/ruby-2.3.3/gems/railties-5.2.3/lib/rails/templates/rails/welcome/index.html.erb
  Rendered /Users/flatironschool/.rvm/gems/ruby-2.3.3/gems/railties-5.2.3/lib/rails/templates/rails/welcome/index.html.erb (7.0ms)
Completed 200 OK in 30ms (Views: 21.2ms | ActiveRecord: 0.0ms)


Started GET "/categories" for ::1 at 2019-04-03 10:37:33 -0400
Processing by CategoryController#index as HTML
Completed 204 No Content in 4ms (ActiveRecord: 0.0ms)


Started GET "/categories" for ::1 at 2019-04-03 10:37:52 -0400
Processing by CategoryController#index as HTML
Completed 204 No Content in 1ms (ActiveRecord: 0.0ms)


Started GET "/categories" for ::1 at 2019-04-03 10:38:08 -0400
  [1m[35m (1.2ms)[0m  [1m[34mSELECT "schema_migrations"."version" FROM "schema_migrations" ORDER BY "schema_migrations"."version" ASC[0m
  ↳ /Users/flatironschool/.rvm/gems/ruby-2.3.3/gems/activerecord-5.2.3/lib/active_record/log_subscriber.rb:98
Processing by CategoryController#index as HTML
Completed 204 No Content in 2ms (ActiveRecord: 0.0ms)


Started GET "/" for ::1 at 2019-04-03 10:39:11 -0400
Processing by Rails::WelcomeController#index as HTML
  Rendering /Users/flatironschool/.rvm/gems/ruby-2.3.3/gems/railties-5.2.3/lib/rails/templates/rails/welcome/index.html.erb
  Rendered /Users/flatironschool/.rvm/gems/ruby-2.3.3/gems/railties-5.2.3/lib/rails/templates/rails/welcome/index.html.erb (7.0ms)
Completed 200 OK in 22ms (Views: 18.7ms | ActiveRecord: 0.0ms)


Started GET "/favicon.ico" for ::1 at 2019-04-03 10:39:11 -0400
  
ActionController::RoutingError (No route matches [GET] "/favicon.ico"):
  
actionpack (5.2.3) lib/action_dispatch/middleware/debug_exceptions.rb:65:in `call'
actionpack (5.2.3) lib/action_dispatch/middleware/show_exceptions.rb:33:in `call'
railties (5.2.3) lib/rails/rack/logger.rb:38:in `call_app'
railties (5.2.3) lib/rails/rack/logger.rb:26:in `block in call'
activesupport (5.2.3) lib/active_support/tagged_logging.rb:71:in `block in tagged'
activesupport (5.2.3) lib/active_support/tagged_logging.rb:28:in `tagged'
activesupport (5.2.3) lib/active_support/tagged_logging.rb:71:in `tagged'
railties (5.2.3) lib/rails/rack/logger.rb:26:in `call'
actionpack (5.2.3) lib/action_dispatch/middleware/remote_ip.rb:81:in `call'
actionpack (5.2.3) lib/action_dispatch/middleware/request_id.rb:27:in `call'
rack (2.0.6) lib/rack/runtime.rb:22:in `call'
activesupport (5.2.3) lib/active_support/cache/strategy/local_cache_middleware.rb:29:in `call'
actionpack (5.2.3) lib/action_dispatch/middleware/executor.rb:14:in `call'
actionpack (5.2.3) lib/action_dispatch/middleware/static.rb:127:in `call'
rack (2.0.6) lib/rack/sendfile.rb:111:in `call'
rack-cors (1.0.3) lib/rack/cors.rb:95:in `call'
railties (5.2.3) lib/rails/engine.rb:524:in `call'
puma (3.12.1) lib/puma/configuration.rb:227:in `call'
puma (3.12.1) lib/puma/server.rb:660:in `handle_request'
puma (3.12.1) lib/puma/server.rb:474:in `process_client'
puma (3.12.1) lib/puma/server.rb:334:in `block in run'
puma (3.12.1) lib/puma/thread_pool.rb:135:in `block in spawn_thread'
Started GET "/categories" for ::1 at 2019-04-03 10:40:10 -0400
Processing by CategoryController#index as HTML
  [1m[36mCategory Load (1.5ms)[0m  [1m[34mSELECT "categories".* FROM "categories"[0m
  ↳ app/controllers/category_controller.rb:3
No serializer found for resource: #<Category id: 1, title: "General Discussion", created_at: "2019-04-03 14:14:36", updated_at: "2019-04-03 14:14:36">
[active_model_serializers] Rendered ActiveModel::Serializer::CollectionSerializer with Category::ActiveRecord_Relation (2.81ms)
Completed 200 OK in 41ms (Views: 27.8ms | ActiveRecord: 10.7ms)


Started GET "/categories" for ::1 at 2019-04-03 10:41:24 -0400
Processing by CategoryController#index as */*
  [1m[36mCategory Load (0.7ms)[0m  [1m[34mSELECT "categories".* FROM "categories"[0m
  ↳ app/controllers/category_controller.rb:3
No serializer found for resource: #<Category id: 1, title: "General Discussion", created_at: "2019-04-03 14:14:36", updated_at: "2019-04-03 14:14:36">
[active_model_serializers] Rendered ActiveModel::Serializer::CollectionSerializer with Category::ActiveRecord_Relation (2.44ms)
Completed 200 OK in 9ms (Views: 8.1ms | ActiveRecord: 0.7ms)


Started GET "/categories" for ::1 at 2019-04-03 10:43:37 -0400
Processing by CategoryController#index as */*
  [1m[36mCategory Load (0.5ms)[0m  [1m[34mSELECT "categories".* FROM "categories"[0m
  ↳ app/controllers/category_controller.rb:3
No serializer found for resource: #<Category id: 1, title: "General Discussion", created_at: "2019-04-03 14:14:36", updated_at: "2019-04-03 14:14:36">
[active_model_serializers] Rendered ActiveModel::Serializer::CollectionSerializer with Category::ActiveRecord_Relation (3.19ms)
Completed 200 OK in 8ms (Views: 6.9ms | ActiveRecord: 0.5ms)


Started GET "/categories" for ::1 at 2019-04-03 10:43:52 -0400
Processing by CategoryController#index as */*
  [1m[36mCategory Load (1.0ms)[0m  [1m[34mSELECT "categories".* FROM "categories"[0m
  ↳ app/controllers/category_controller.rb:3
No serializer found for resource: #<Category id: 1, title: "General Discussion", created_at: "2019-04-03 14:14:36", updated_at: "2019-04-03 14:14:36">
[active_model_serializers] Rendered ActiveModel::Serializer::CollectionSerializer with Category::ActiveRecord_Relation (2.72ms)
Completed 200 OK in 11ms (Views: 8.9ms | ActiveRecord: 1.0ms)


Started GET "/categories" for ::1 at 2019-04-03 10:44:50 -0400
Processing by CategoryController#index as */*
  [1m[36mCategory Load (0.6ms)[0m  [1m[34mSELECT "categories".* FROM "categories"[0m
  ↳ app/controllers/category_controller.rb:3
No serializer found for resource: #<Category id: 1, title: "General Discussion", created_at: "2019-04-03 14:14:36", updated_at: "2019-04-03 14:14:36">
[active_model_serializers] Rendered ActiveModel::Serializer::CollectionSerializer with Category::ActiveRecord_Relation (3.85ms)
Completed 200 OK in 9ms (Views: 7.5ms | ActiveRecord: 0.6ms)


Started GET "/categories" for ::1 at 2019-04-03 10:46:11 -0400
Processing by CategoryController#index as */*
  [1m[36mCategory Load (0.7ms)[0m  [1m[34mSELECT "categories".* FROM "categories"[0m
  ↳ app/controllers/category_controller.rb:3
No serializer found for resource: #<Category id: 1, title: "General Discussion", created_at: "2019-04-03 14:14:36", updated_at: "2019-04-03 14:14:36">
[active_model_serializers] Rendered ActiveModel::Serializer::CollectionSerializer with Category::ActiveRecord_Relation (3.4ms)
Completed 200 OK in 9ms (Views: 7.1ms | ActiveRecord: 0.7ms)


Started GET "/categories" for ::1 at 2019-04-03 10:49:13 -0400
Processing by CategoryController#index as */*
  [1m[36mCategory Load (0.6ms)[0m  [1m[34mSELECT "categories".* FROM "categories"[0m
  ↳ app/controllers/category_controller.rb:3
No serializer found for resource: #<Category id: 1, title: "General Discussion", created_at: "2019-04-03 14:14:36", updated_at: "2019-04-03 14:14:36">
[active_model_serializers] Rendered ActiveModel::Serializer::CollectionSerializer with Category::ActiveRecord_Relation (4.28ms)
Completed 200 OK in 9ms (Views: 8.2ms | ActiveRecord: 0.6ms)


Started GET "/categories" for ::1 at 2019-04-03 10:49:23 -0400
Processing by CategoryController#index as */*
  [1m[36mCategory Load (0.6ms)[0m  [1m[34mSELECT "categories".* FROM "categories"[0m
  ↳ app/controllers/category_controller.rb:3
No serializer found for resource: #<Category id: 1, title: "General Discussion", created_at: "2019-04-03 14:14:36", updated_at: "2019-04-03 14:14:36">
[active_model_serializers] Rendered ActiveModel::Serializer::CollectionSerializer with Category::ActiveRecord_Relation (3.0ms)
Completed 200 OK in 7ms (Views: 6.1ms | ActiveRecord: 0.6ms)


Started GET "/categories" for ::1 at 2019-04-03 10:50:03 -0400
Processing by CategoryController#index as */*
  [1m[36mCategory Load (0.6ms)[0m  [1m[34mSELECT "categories".* FROM "categories"[0m
  ↳ app/controllers/category_controller.rb:3
No serializer found for resource: #<Category id: 1, title: "General Discussion", created_at: "2019-04-03 14:14:36", updated_at: "2019-04-03 14:14:36">
[active_model_serializers] Rendered ActiveModel::Serializer::CollectionSerializer with Category::ActiveRecord_Relation (4.26ms)
Completed 200 OK in 9ms (Views: 7.5ms | ActiveRecord: 0.6ms)


Started GET "/categories" for ::1 at 2019-04-03 10:51:03 -0400
Processing by CategoryController#index as */*
  [1m[36mCategory Load (0.8ms)[0m  [1m[34mSELECT "categories".* FROM "categories"[0m
  ↳ app/controllers/category_controller.rb:3
No serializer found for resource: #<Category id: 1, title: "General Discussion", created_at: "2019-04-03 14:14:36", updated_at: "2019-04-03 14:14:36">
[active_model_serializers] Rendered ActiveModel::Serializer::CollectionSerializer with Category::ActiveRecord_Relation (2.71ms)
Completed 200 OK in 9ms (Views: 7.9ms | ActiveRecord: 0.8ms)


Started GET "/categories" for ::1 at 2019-04-03 10:51:10 -0400
Processing by CategoryController#index as */*
  [1m[36mCategory Load (0.6ms)[0m  [1m[34mSELECT "categories".* FROM "categories"[0m
  ↳ app/controllers/category_controller.rb:3
No serializer found for resource: #<Category id: 1, title: "General Discussion", created_at: "2019-04-03 14:14:36", updated_at: "2019-04-03 14:14:36">
[active_model_serializers] Rendered ActiveModel::Serializer::CollectionSerializer with Category::ActiveRecord_Relation (4.2ms)
Completed 200 OK in 8ms (Views: 7.6ms | ActiveRecord: 0.6ms)


Started GET "/categories" for ::1 at 2019-04-03 10:52:01 -0400
Processing by CategoryController#index as */*
  [1m[36mCategory Load (0.6ms)[0m  [1m[34mSELECT "categories".* FROM "categories"[0m
  ↳ app/controllers/category_controller.rb:3
No serializer found for resource: #<Category id: 1, title: "General Discussion", created_at: "2019-04-03 14:14:36", updated_at: "2019-04-03 14:14:36">
[active_model_serializers] Rendered ActiveModel::Serializer::CollectionSerializer with Category::ActiveRecord_Relation (4.25ms)
Completed 200 OK in 10ms (Views: 9.4ms | ActiveRecord: 0.6ms)


Started GET "/categories" for ::1 at 2019-04-03 10:53:01 -0400
Processing by CategoryController#index as */*
  [1m[36mCategory Load (0.7ms)[0m  [1m[34mSELECT "categories".* FROM "categories"[0m
  ↳ app/controllers/category_controller.rb:3
No serializer found for resource: #<Category id: 1, title: "General Discussion", created_at: "2019-04-03 14:14:36", updated_at: "2019-04-03 14:14:36">
[active_model_serializers] Rendered ActiveModel::Serializer::CollectionSerializer with Category::ActiveRecord_Relation (3.52ms)
Completed 200 OK in 9ms (Views: 8.2ms | ActiveRecord: 0.7ms)


Started GET "/categories" for ::1 at 2019-04-03 10:53:23 -0400
Processing by CategoryController#index as */*
  [1m[36mCategory Load (0.9ms)[0m  [1m[34mSELECT "categories".* FROM "categories"[0m
  ↳ app/controllers/category_controller.rb:3
No serializer found for resource: #<Category id: 1, title: "General Discussion", created_at: "2019-04-03 14:14:36", updated_at: "2019-04-03 14:14:36">
[active_model_serializers] Rendered ActiveModel::Serializer::CollectionSerializer with Category::ActiveRecord_Relation (4.44ms)
Completed 200 OK in 10ms (Views: 8.9ms | ActiveRecord: 0.9ms)


Started GET "/categories" for ::1 at 2019-04-03 10:55:03 -0400
Processing by CategoryController#index as */*
  [1m[36mCategory Load (0.5ms)[0m  [1m[34mSELECT "categories".* FROM "categories"[0m
  ↳ app/controllers/category_controller.rb:3
No serializer found for resource: #<Category id: 1, title: "General Discussion", created_at: "2019-04-03 14:14:36", updated_at: "2019-04-03 14:14:36">
[active_model_serializers] Rendered ActiveModel::Serializer::CollectionSerializer with Category::ActiveRecord_Relation (3.67ms)
Completed 200 OK in 9ms (Views: 8.2ms | ActiveRecord: 0.5ms)


Started GET "/categories" for ::1 at 2019-04-03 10:55:32 -0400
Processing by CategoryController#index as */*
  [1m[36mCategory Load (0.9ms)[0m  [1m[34mSELECT "categories".* FROM "categories"[0m
  ↳ app/controllers/category_controller.rb:3
No serializer found for resource: #<Category id: 1, title: "General Discussion", created_at: "2019-04-03 14:14:36", updated_at: "2019-04-03 14:14:36">
[active_model_serializers] Rendered ActiveModel::Serializer::CollectionSerializer with Category::ActiveRecord_Relation (3.15ms)
Completed 200 OK in 9ms (Views: 7.5ms | ActiveRecord: 0.9ms)


Started GET "/categories" for ::1 at 2019-04-03 10:55:45 -0400
Processing by CategoryController#index as */*
  [1m[36mCategory Load (0.6ms)[0m  [1m[34mSELECT "categories".* FROM "categories"[0m
  ↳ app/controllers/category_controller.rb:3
No serializer found for resource: #<Category id: 1, title: "General Discussion", created_at: "2019-04-03 14:14:36", updated_at: "2019-04-03 14:14:36">
[active_model_serializers] Rendered ActiveModel::Serializer::CollectionSerializer with Category::ActiveRecord_Relation (3.49ms)
Completed 200 OK in 9ms (Views: 7.7ms | ActiveRecord: 0.6ms)


Started GET "/categories" for ::1 at 2019-04-03 10:56:04 -0400
Processing by CategoryController#index as */*
  [1m[36mCategory Load (0.6ms)[0m  [1m[34mSELECT "categories".* FROM "categories"[0m
  ↳ app/controllers/category_controller.rb:3
No serializer found for resource: #<Category id: 1, title: "General Discussion", created_at: "2019-04-03 14:14:36", updated_at: "2019-04-03 14:14:36">
[active_model_serializers] Rendered ActiveModel::Serializer::CollectionSerializer with Category::ActiveRecord_Relation (3.96ms)
Completed 200 OK in 9ms (Views: 6.8ms | ActiveRecord: 0.6ms)


Started GET "/categories" for ::1 at 2019-04-03 10:56:41 -0400
Processing by CategoryController#index as */*
  [1m[36mCategory Load (2.2ms)[0m  [1m[34mSELECT "categories".* FROM "categories"[0m
  ↳ app/controllers/category_controller.rb:3
No serializer found for resource: #<Category id: 1, title: "General Discussion", created_at: "2019-04-03 14:14:36", updated_at: "2019-04-03 14:14:36">
[active_model_serializers] Rendered ActiveModel::Serializer::CollectionSerializer with Category::ActiveRecord_Relation (2.69ms)
Completed 200 OK in 9ms (Views: 6.4ms | ActiveRecord: 2.2ms)


Started GET "/categories" for ::1 at 2019-04-03 10:57:56 -0400
Processing by CategoryController#index as */*
  [1m[36mCategory Load (1.1ms)[0m  [1m[34mSELECT "categories".* FROM "categories"[0m
  ↳ app/controllers/category_controller.rb:3
No serializer found for resource: #<Category id: 1, title: "General Discussion", created_at: "2019-04-03 14:14:36", updated_at: "2019-04-03 14:14:36">
[active_model_serializers] Rendered ActiveModel::Serializer::CollectionSerializer with Category::ActiveRecord_Relation (3.9ms)
Completed 200 OK in 10ms (Views: 8.1ms | ActiveRecord: 1.1ms)


Started GET "/categories" for ::1 at 2019-04-03 10:58:40 -0400
Processing by CategoryController#index as */*
  [1m[36mCategory Load (0.8ms)[0m  [1m[34mSELECT "categories".* FROM "categories"[0m
  ↳ app/controllers/category_controller.rb:3
No serializer found for resource: #<Category id: 1, title: "General Discussion", created_at: "2019-04-03 14:14:36", updated_at: "2019-04-03 14:14:36">
[active_model_serializers] Rendered ActiveModel::Serializer::CollectionSerializer with Category::ActiveRecord_Relation (3.34ms)
Completed 200 OK in 9ms (Views: 7.9ms | ActiveRecord: 0.8ms)


Started GET "/categories" for ::1 at 2019-04-03 10:58:48 -0400
Processing by CategoryController#index as */*
  [1m[36mCategory Load (0.6ms)[0m  [1m[34mSELECT "categories".* FROM "categories"[0m
  ↳ app/controllers/category_controller.rb:3
No serializer found for resource: #<Category id: 1, title: "General Discussion", created_at: "2019-04-03 14:14:36", updated_at: "2019-04-03 14:14:36">
[active_model_serializers] Rendered ActiveModel::Serializer::CollectionSerializer with Category::ActiveRecord_Relation (2.92ms)
Completed 200 OK in 8ms (Views: 7.4ms | ActiveRecord: 0.6ms)


Started GET "/categories" for ::1 at 2019-04-03 10:58:57 -0400
Processing by CategoryController#index as */*
  [1m[36mCategory Load (0.9ms)[0m  [1m[34mSELECT "categories".* FROM "categories"[0m
  ↳ app/controllers/category_controller.rb:3
No serializer found for resource: #<Category id: 1, title: "General Discussion", created_at: "2019-04-03 14:14:36", updated_at: "2019-04-03 14:14:36">
[active_model_serializers] Rendered ActiveModel::Serializer::CollectionSerializer with Category::ActiveRecord_Relation (3.86ms)
Completed 200 OK in 10ms (Views: 8.7ms | ActiveRecord: 0.9ms)


Started GET "/categories" for ::1 at 2019-04-03 10:59:39 -0400
Processing by CategoryController#index as */*
  [1m[36mCategory Load (0.9ms)[0m  [1m[34mSELECT "categories".* FROM "categories"[0m
  ↳ app/controllers/category_controller.rb:3
No serializer found for resource: #<Category id: 1, title: "General Discussion", created_at: "2019-04-03 14:14:36", updated_at: "2019-04-03 14:14:36">
[active_model_serializers] Rendered ActiveModel::Serializer::CollectionSerializer with Category::ActiveRecord_Relation (3.2ms)
Completed 200 OK in 8ms (Views: 6.4ms | ActiveRecord: 0.9ms)


Started GET "/categories" for ::1 at 2019-04-03 11:00:46 -0400
Processing by CategoryController#index as */*
  [1m[36mCategory Load (0.6ms)[0m  [1m[34mSELECT "categories".* FROM "categories"[0m
  ↳ app/controllers/category_controller.rb:3
No serializer found for resource: #<Category id: 1, title: "General Discussion", created_at: "2019-04-03 14:14:36", updated_at: "2019-04-03 14:14:36">
[active_model_serializers] Rendered ActiveModel::Serializer::CollectionSerializer with Category::ActiveRecord_Relation (3.55ms)
Completed 200 OK in 9ms (Views: 7.8ms | ActiveRecord: 0.6ms)


  [1m[35m (0.3ms)[0m  [1m[34mSELECT pg_try_advisory_lock(4646473871855425155)[0m
  ↳ bin/rails:9
  [1m[35m (1.6ms)[0m  [1m[34mSELECT "schema_migrations"."version" FROM "schema_migrations" ORDER BY "schema_migrations"."version" ASC[0m
  ↳ bin/rails:9
Migrating to AddCategoryIdToPost (20190403151035)
  [1m[35m (0.3ms)[0m  [1m[35mBEGIN[0m
  ↳ bin/rails:9
  [1m[35m (6.9ms)[0m  [1m[35mALTER TABLE "posts" ADD "category_id" integer[0m
  ↳ db/migrate/20190403151035_add_category_id_to_post.rb:3
  [1m[36mActiveRecord::SchemaMigration Create (0.5ms)[0m  [1m[32mINSERT INTO "schema_migrations" ("version") VALUES ($1) RETURNING "version"[0m  [["version", "20190403151035"]]
  ↳ bin/rails:9
  [1m[35m (1.8ms)[0m  [1m[35mCOMMIT[0m
  ↳ bin/rails:9
  [1m[36mActiveRecord::InternalMetadata Load (0.6ms)[0m  [1m[34mSELECT  "ar_internal_metadata".* FROM "ar_internal_metadata" WHERE "ar_internal_metadata"."key" = $1 LIMIT $2[0m  [["key", "environment"], ["LIMIT", 1]]
  ↳ bin/rails:9
  [1m[35m (0.2ms)[0m  [1m[35mBEGIN[0m
  ↳ bin/rails:9
  [1m[35m (0.2ms)[0m  [1m[35mCOMMIT[0m
  ↳ bin/rails:9
  [1m[35m (0.3ms)[0m  [1m[34mSELECT pg_advisory_unlock(4646473871855425155)[0m
  ↳ bin/rails:9
  [1m[35m (0.3ms)[0m  [1m[34mSELECT "schema_migrations"."version" FROM "schema_migrations" ORDER BY "schema_migrations"."version" ASC[0m
  ↳ bin/rails:9
  [1m[35m (0.3ms)[0m  [1m[34mSELECT pg_try_advisory_lock(4646473871855425155)[0m
  ↳ bin/rails:9
  [1m[35m (1.0ms)[0m  [1m[34mSELECT "schema_migrations"."version" FROM "schema_migrations" ORDER BY "schema_migrations"."version" ASC[0m
  ↳ bin/rails:9
Migrating to RemoveProfileIdFromUsers (20190403165231)
  [1m[35m (0.2ms)[0m  [1m[35mBEGIN[0m
  ↳ bin/rails:9
  [1m[35m (7.7ms)[0m  [1m[35mALTER TABLE "users" DROP COLUMN "profile_id"[0m
  ↳ db/migrate/20190403165231_remove_profile_id_from_users.rb:3
  [1m[36mActiveRecord::SchemaMigration Create (0.8ms)[0m  [1m[32mINSERT INTO "schema_migrations" ("version") VALUES ($1) RETURNING "version"[0m  [["version", "20190403165231"]]
  ↳ bin/rails:9
  [1m[35m (1.3ms)[0m  [1m[35mCOMMIT[0m
  ↳ bin/rails:9
  [1m[36mActiveRecord::InternalMetadata Load (0.5ms)[0m  [1m[34mSELECT  "ar_internal_metadata".* FROM "ar_internal_metadata" WHERE "ar_internal_metadata"."key" = $1 LIMIT $2[0m  [["key", "environment"], ["LIMIT", 1]]
  ↳ bin/rails:9
  [1m[35m (0.2ms)[0m  [1m[35mBEGIN[0m
  ↳ bin/rails:9
  [1m[35m (0.2ms)[0m  [1m[35mCOMMIT[0m
  ↳ bin/rails:9
  [1m[35m (0.4ms)[0m  [1m[34mSELECT pg_advisory_unlock(4646473871855425155)[0m
  ↳ bin/rails:9
  [1m[35m (0.5ms)[0m  [1m[34mSELECT "schema_migrations"."version" FROM "schema_migrations" ORDER BY "schema_migrations"."version" ASC[0m
  ↳ bin/rails:9
  [1m[35m (0.4ms)[0m  [1m[34mSELECT pg_try_advisory_lock(4646473871855425155)[0m
  ↳ bin/rails:9
  [1m[35m (1.0ms)[0m  [1m[34mSELECT "schema_migrations"."version" FROM "schema_migrations" ORDER BY "schema_migrations"."version" ASC[0m
  ↳ bin/rails:9
Migrating to AddUserIdToProfiles (20190403165415)
  [1m[35m (0.2ms)[0m  [1m[35mBEGIN[0m
  ↳ bin/rails:9
  [1m[35m (1.4ms)[0m  [1m[35mALTER TABLE "profiles" ADD "user_id" integer[0m
  ↳ db/migrate/20190403165415_add_user_id_to_profiles.rb:3
  [1m[36mActiveRecord::SchemaMigration Create (0.5ms)[0m  [1m[32mINSERT INTO "schema_migrations" ("version") VALUES ($1) RETURNING "version"[0m  [["version", "20190403165415"]]
  ↳ bin/rails:9
  [1m[35m (1.6ms)[0m  [1m[35mCOMMIT[0m
  ↳ bin/rails:9
Migrating to AddMessagesToComments (20190403165509)
  [1m[35m (0.2ms)[0m  [1m[35mBEGIN[0m
  ↳ bin/rails:9
  [1m[35m (7.0ms)[0m  [1m[35mALTER TABLE "comments" ADD "message" character varying[0m
  ↳ db/migrate/20190403165509_add_messages_to_comments.rb:3
  [1m[36mActiveRecord::SchemaMigration Create (0.4ms)[0m  [1m[32mINSERT INTO "schema_migrations" ("version") VALUES ($1) RETURNING "version"[0m  [["version", "20190403165509"]]
  ↳ bin/rails:9
  [1m[35m (2.1ms)[0m  [1m[35mCOMMIT[0m
  ↳ bin/rails:9
  [1m[36mActiveRecord::InternalMetadata Load (0.5ms)[0m  [1m[34mSELECT  "ar_internal_metadata".* FROM "ar_internal_metadata" WHERE "ar_internal_metadata"."key" = $1 LIMIT $2[0m  [["key", "environment"], ["LIMIT", 1]]
  ↳ bin/rails:9
  [1m[35m (0.2ms)[0m  [1m[35mBEGIN[0m
  ↳ bin/rails:9
  [1m[35m (0.1ms)[0m  [1m[35mCOMMIT[0m
  ↳ bin/rails:9
  [1m[35m (0.3ms)[0m  [1m[34mSELECT pg_advisory_unlock(4646473871855425155)[0m
  ↳ bin/rails:9
  [1m[35m (0.4ms)[0m  [1m[34mSELECT "schema_migrations"."version" FROM "schema_migrations" ORDER BY "schema_migrations"."version" ASC[0m
  ↳ bin/rails:9
Started GET "/posts" for ::1 at 2019-04-03 12:59:24 -0400
  [1m[35m (1.5ms)[0m  [1m[34mSELECT "schema_migrations"."version" FROM "schema_migrations" ORDER BY "schema_migrations"."version" ASC[0m
  ↳ /Users/flatironschool/.rvm/gems/ruby-2.3.3/gems/activerecord-5.2.3/lib/active_record/log_subscriber.rb:98
  
ActionController::RoutingError (No route matches [GET] "/posts"):
  
actionpack (5.2.3) lib/action_dispatch/middleware/debug_exceptions.rb:65:in `call'
actionpack (5.2.3) lib/action_dispatch/middleware/show_exceptions.rb:33:in `call'
railties (5.2.3) lib/rails/rack/logger.rb:38:in `call_app'
railties (5.2.3) lib/rails/rack/logger.rb:26:in `block in call'
activesupport (5.2.3) lib/active_support/tagged_logging.rb:71:in `block in tagged'
activesupport (5.2.3) lib/active_support/tagged_logging.rb:28:in `tagged'
activesupport (5.2.3) lib/active_support/tagged_logging.rb:71:in `tagged'
railties (5.2.3) lib/rails/rack/logger.rb:26:in `call'
actionpack (5.2.3) lib/action_dispatch/middleware/remote_ip.rb:81:in `call'
actionpack (5.2.3) lib/action_dispatch/middleware/request_id.rb:27:in `call'
rack (2.0.6) lib/rack/runtime.rb:22:in `call'
activesupport (5.2.3) lib/active_support/cache/strategy/local_cache_middleware.rb:29:in `call'
actionpack (5.2.3) lib/action_dispatch/middleware/executor.rb:14:in `call'
actionpack (5.2.3) lib/action_dispatch/middleware/static.rb:127:in `call'
rack (2.0.6) lib/rack/sendfile.rb:111:in `call'
rack-cors (1.0.3) lib/rack/cors.rb:95:in `call'
railties (5.2.3) lib/rails/engine.rb:524:in `call'
puma (3.12.1) lib/puma/configuration.rb:227:in `call'
puma (3.12.1) lib/puma/server.rb:660:in `handle_request'
puma (3.12.1) lib/puma/server.rb:474:in `process_client'
puma (3.12.1) lib/puma/server.rb:334:in `block in run'
puma (3.12.1) lib/puma/thread_pool.rb:135:in `block in spawn_thread'
Started GET "/posts" for ::1 at 2019-04-03 13:00:07 -0400
  [1m[35m (1.0ms)[0m  [1m[34mSELECT "schema_migrations"."version" FROM "schema_migrations" ORDER BY "schema_migrations"."version" ASC[0m
  ↳ /Users/flatironschool/.rvm/gems/ruby-2.3.3/gems/activerecord-5.2.3/lib/active_record/log_subscriber.rb:98
  
ActionController::RoutingError (uninitialized constant PostsController):
  
bootsnap (1.4.2) lib/bootsnap/load_path_cache/core_ext/active_support.rb:79:in `block in load_missing_constant'
bootsnap (1.4.2) lib/bootsnap/load_path_cache/core_ext/active_support.rb:8:in `without_bootsnap_cache'
bootsnap (1.4.2) lib/bootsnap/load_path_cache/core_ext/active_support.rb:79:in `rescue in load_missing_constant'
bootsnap (1.4.2) lib/bootsnap/load_path_cache/core_ext/active_support.rb:59:in `load_missing_constant'
activesupport (5.2.3) lib/active_support/inflector/methods.rb:283:in `const_get'
activesupport (5.2.3) lib/active_support/inflector/methods.rb:283:in `block in constantize'
activesupport (5.2.3) lib/active_support/inflector/methods.rb:281:in `each'
activesupport (5.2.3) lib/active_support/inflector/methods.rb:281:in `inject'
activesupport (5.2.3) lib/active_support/inflector/methods.rb:281:in `constantize'
actionpack (5.2.3) lib/action_dispatch/http/request.rb:88:in `controller_class_for'
actionpack (5.2.3) lib/action_dispatch/http/request.rb:81:in `controller_class'
actionpack (5.2.3) lib/action_dispatch/routing/route_set.rb:46:in `controller'
actionpack (5.2.3) lib/action_dispatch/routing/route_set.rb:32:in `serve'
actionpack (5.2.3) lib/action_dispatch/journey/router.rb:52:in `block in serve'
actionpack (5.2.3) lib/action_dispatch/journey/router.rb:35:in `each'
actionpack (5.2.3) lib/action_dispatch/journey/router.rb:35:in `serve'
actionpack (5.2.3) lib/action_dispatch/routing/route_set.rb:840:in `call'
rack (2.0.6) lib/rack/etag.rb:25:in `call'
rack (2.0.6) lib/rack/conditional_get.rb:25:in `call'
rack (2.0.6) lib/rack/head.rb:12:in `call'
activerecord (5.2.3) lib/active_record/migration.rb:559:in `call'
actionpack (5.2.3) lib/action_dispatch/middleware/callbacks.rb:28:in `block in call'
activesupport (5.2.3) lib/active_support/callbacks.rb:98:in `run_callbacks'
actionpack (5.2.3) lib/action_dispatch/middleware/callbacks.rb:26:in `call'
actionpack (5.2.3) lib/action_dispatch/middleware/executor.rb:14:in `call'
actionpack (5.2.3) lib/action_dispatch/middleware/debug_exceptions.rb:61:in `call'
actionpack (5.2.3) lib/action_dispatch/middleware/show_exceptions.rb:33:in `call'
railties (5.2.3) lib/rails/rack/logger.rb:38:in `call_app'
railties (5.2.3) lib/rails/rack/logger.rb:26:in `block in call'
activesupport (5.2.3) lib/active_support/tagged_logging.rb:71:in `block in tagged'
activesupport (5.2.3) lib/active_support/tagged_logging.rb:28:in `tagged'
activesupport (5.2.3) lib/active_support/tagged_logging.rb:71:in `tagged'
railties (5.2.3) lib/rails/rack/logger.rb:26:in `call'
actionpack (5.2.3) lib/action_dispatch/middleware/remote_ip.rb:81:in `call'
actionpack (5.2.3) lib/action_dispatch/middleware/request_id.rb:27:in `call'
rack (2.0.6) lib/rack/runtime.rb:22:in `call'
activesupport (5.2.3) lib/active_support/cache/strategy/local_cache_middleware.rb:29:in `call'
actionpack (5.2.3) lib/action_dispatch/middleware/executor.rb:14:in `call'
actionpack (5.2.3) lib/action_dispatch/middleware/static.rb:127:in `call'
rack (2.0.6) lib/rack/sendfile.rb:111:in `call'
rack-cors (1.0.3) lib/rack/cors.rb:95:in `call'
railties (5.2.3) lib/rails/engine.rb:524:in `call'
puma (3.12.1) lib/puma/configuration.rb:227:in `call'
puma (3.12.1) lib/puma/server.rb:660:in `handle_request'
puma (3.12.1) lib/puma/server.rb:474:in `process_client'
puma (3.12.1) lib/puma/server.rb:334:in `block in run'
puma (3.12.1) lib/puma/thread_pool.rb:135:in `block in spawn_thread'
Started GET "/posts" for ::1 at 2019-04-03 13:00:23 -0400
  
ActionController::RoutingError (uninitialized constant PostsController):
  
bootsnap (1.4.2) lib/bootsnap/load_path_cache/core_ext/active_support.rb:79:in `block in load_missing_constant'
bootsnap (1.4.2) lib/bootsnap/load_path_cache/core_ext/active_support.rb:8:in `without_bootsnap_cache'
bootsnap (1.4.2) lib/bootsnap/load_path_cache/core_ext/active_support.rb:79:in `rescue in load_missing_constant'
bootsnap (1.4.2) lib/bootsnap/load_path_cache/core_ext/active_support.rb:59:in `load_missing_constant'
activesupport (5.2.3) lib/active_support/inflector/methods.rb:283:in `const_get'
activesupport (5.2.3) lib/active_support/inflector/methods.rb:283:in `block in constantize'
activesupport (5.2.3) lib/active_support/inflector/methods.rb:281:in `each'
activesupport (5.2.3) lib/active_support/inflector/methods.rb:281:in `inject'
activesupport (5.2.3) lib/active_support/inflector/methods.rb:281:in `constantize'
actionpack (5.2.3) lib/action_dispatch/http/request.rb:88:in `controller_class_for'
actionpack (5.2.3) lib/action_dispatch/http/request.rb:81:in `controller_class'
actionpack (5.2.3) lib/action_dispatch/routing/route_set.rb:46:in `controller'
actionpack (5.2.3) lib/action_dispatch/routing/route_set.rb:32:in `serve'
actionpack (5.2.3) lib/action_dispatch/journey/router.rb:52:in `block in serve'
actionpack (5.2.3) lib/action_dispatch/journey/router.rb:35:in `each'
actionpack (5.2.3) lib/action_dispatch/journey/router.rb:35:in `serve'
actionpack (5.2.3) lib/action_dispatch/routing/route_set.rb:840:in `call'
rack (2.0.6) lib/rack/etag.rb:25:in `call'
rack (2.0.6) lib/rack/conditional_get.rb:25:in `call'
rack (2.0.6) lib/rack/head.rb:12:in `call'
activerecord (5.2.3) lib/active_record/migration.rb:559:in `call'
actionpack (5.2.3) lib/action_dispatch/middleware/callbacks.rb:28:in `block in call'
activesupport (5.2.3) lib/active_support/callbacks.rb:98:in `run_callbacks'
actionpack (5.2.3) lib/action_dispatch/middleware/callbacks.rb:26:in `call'
actionpack (5.2.3) lib/action_dispatch/middleware/executor.rb:14:in `call'
actionpack (5.2.3) lib/action_dispatch/middleware/debug_exceptions.rb:61:in `call'
actionpack (5.2.3) lib/action_dispatch/middleware/show_exceptions.rb:33:in `call'
railties (5.2.3) lib/rails/rack/logger.rb:38:in `call_app'
railties (5.2.3) lib/rails/rack/logger.rb:26:in `block in call'
activesupport (5.2.3) lib/active_support/tagged_logging.rb:71:in `block in tagged'
activesupport (5.2.3) lib/active_support/tagged_logging.rb:28:in `tagged'
activesupport (5.2.3) lib/active_support/tagged_logging.rb:71:in `tagged'
railties (5.2.3) lib/rails/rack/logger.rb:26:in `call'
actionpack (5.2.3) lib/action_dispatch/middleware/remote_ip.rb:81:in `call'
actionpack (5.2.3) lib/action_dispatch/middleware/request_id.rb:27:in `call'
rack (2.0.6) lib/rack/runtime.rb:22:in `call'
activesupport (5.2.3) lib/active_support/cache/strategy/local_cache_middleware.rb:29:in `call'
actionpack (5.2.3) lib/action_dispatch/middleware/executor.rb:14:in `call'
actionpack (5.2.3) lib/action_dispatch/middleware/static.rb:127:in `call'
rack (2.0.6) lib/rack/sendfile.rb:111:in `call'
rack-cors (1.0.3) lib/rack/cors.rb:95:in `call'
railties (5.2.3) lib/rails/engine.rb:524:in `call'
puma (3.12.1) lib/puma/configuration.rb:227:in `call'
puma (3.12.1) lib/puma/server.rb:660:in `handle_request'
puma (3.12.1) lib/puma/server.rb:474:in `process_client'
puma (3.12.1) lib/puma/server.rb:334:in `block in run'
puma (3.12.1) lib/puma/thread_pool.rb:135:in `block in spawn_thread'
Started GET "/posts" for ::1 at 2019-04-03 13:00:32 -0400
Processing by PostsController#index as HTML
  [1m[36mPost Load (2.4ms)[0m  [1m[34mSELECT "posts".* FROM "posts"[0m
  ↳ app/controllers/posts_controller.rb:3
[active_model_serializers] Rendered ActiveModel::Serializer::CollectionSerializer with ActiveModelSerializers::Adapter::Attributes (0.19ms)
Completed 200 OK in 33ms (Views: 23.1ms | ActiveRecord: 5.1ms)


